  Source.cpp
E:\AIU\Project1\Project1\Source.cpp(20,21): warning C4305: 'initializing': truncation from 'double' to 'float'
E:\AIU\Project1\Project1\Source.cpp(21,21): warning C4305: 'initializing': truncation from 'double' to 'float'
E:\AIU\Project1\Project1\Source.cpp(22,22): warning C4305: 'initializing': truncation from 'double' to 'float'
E:\AIU\Project1\Project1\Source.cpp(23,21): warning C4305: 'initializing': truncation from 'double' to 'float'
E:\AIU\Project1\Project1\Source.cpp(24,20): warning C4305: 'initializing': truncation from 'double' to 'float'
E:\AIU\Project1\Project1\Source.cpp(25,20): warning C4305: 'initializing': truncation from 'double' to 'float'
E:\AIU\Project1\Project1\Source.cpp(26,21): warning C4305: 'initializing': truncation from 'double' to 'float'
E:\AIU\Project1\Project1\Source.cpp(27,21): warning C4305: 'initializing': truncation from 'double' to 'float'
E:\AIU\Project1\Project1\Source.cpp(277,17): warning C4305: 'argument': truncation from 'double' to 'GLfloat'
E:\AIU\Project1\Project1\Source.cpp(292,14): warning C4305: 'argument': truncation from 'double' to 'GLfloat'
E:\AIU\Project1\Project1\Source.cpp(298,14): warning C4305: 'argument': truncation from 'double' to 'GLfloat'
E:\AIU\Project1\Project1\Source.cpp(304,14): warning C4305: 'argument': truncation from 'double' to 'GLfloat'
E:\AIU\Project1\Project1\Source.cpp(314,16): warning C4305: 'argument': truncation from 'double' to 'GLfloat'
E:\AIU\Project1\Project1\Source.cpp(315,21): warning C4305: 'argument': truncation from 'double' to 'GLfloat'
E:\AIU\Project1\Project1\Source.cpp(315,16): warning C4305: 'argument': truncation from 'double' to 'GLfloat'
E:\AIU\Project1\Project1\Source.cpp(315,11): warning C4305: 'argument': truncation from 'double' to 'GLfloat'
E:\AIU\Project1\Project1\Source.cpp(324,22): warning C4305: 'argument': truncation from 'double' to 'GLfloat'
E:\AIU\Project1\Project1\Source.cpp(324,17): warning C4305: 'argument': truncation from 'double' to 'GLfloat'
E:\AIU\Project1\Project1\Source.cpp(324,11): warning C4305: 'argument': truncation from 'double' to 'GLfloat'
E:\AIU\Project1\Project1\Source.cpp(333,16): warning C4305: 'argument': truncation from 'double' to 'GLfloat'
E:\AIU\Project1\Project1\Source.cpp(334,23): warning C4305: 'argument': truncation from 'double' to 'GLfloat'
E:\AIU\Project1\Project1\Source.cpp(334,11): warning C4305: 'argument': truncation from 'double' to 'GLfloat'
E:\AIU\Project1\Project1\Source.cpp(335,18): warning C4305: 'argument': truncation from 'double' to 'GLfloat'
E:\AIU\Project1\Project1\Source.cpp(344,21): warning C4305: 'argument': truncation from 'double' to 'GLfloat'
E:\AIU\Project1\Project1\Source.cpp(345,14): warning C4305: 'argument': truncation from 'double' to 'GLfloat'
E:\AIU\Project1\Project1\Source.cpp(350,15): warning C4305: 'argument': truncation from 'double' to 'GLfloat'
E:\AIU\Project1\Project1\Source.cpp(351,16): warning C4305: 'argument': truncation from 'double' to 'GLfloat'
E:\AIU\Project1\Project1\Source.cpp(351,11): warning C4305: 'argument': truncation from 'double' to 'GLfloat'
E:\AIU\Project1\Project1\Source.cpp(355,16): warning C4305: 'argument': truncation from 'double' to 'GLfloat'
E:\AIU\Project1\Project1\Source.cpp(356,16): warning C4305: 'argument': truncation from 'double' to 'GLfloat'
E:\AIU\Project1\Project1\Source.cpp(356,11): warning C4305: 'argument': truncation from 'double' to 'GLfloat'
E:\AIU\Project1\Project1\Source.cpp(361,21): warning C4305: 'argument': truncation from 'double' to 'GLfloat'
E:\AIU\Project1\Project1\Source.cpp(362,21): warning C4305: 'argument': truncation from 'double' to 'GLfloat'
E:\AIU\Project1\Project1\Source.cpp(362,16): warning C4305: 'argument': truncation from 'double' to 'GLfloat'
E:\AIU\Project1\Project1\Source.cpp(362,11): warning C4305: 'argument': truncation from 'double' to 'GLfloat'
E:\AIU\Project1\Project1\Source.cpp(392,22): warning C4305: 'argument': truncation from 'double' to 'GLfloat'
E:\AIU\Project1\Project1\Source.cpp(393,23): warning C4305: 'argument': truncation from 'double' to 'GLfloat'
E:\AIU\Project1\Project1\Source.cpp(393,17): warning C4305: 'argument': truncation from 'double' to 'GLfloat'
E:\AIU\Project1\Project1\Source.cpp(393,11): warning C4305: 'argument': truncation from 'double' to 'GLfloat'
E:\AIU\Project1\Project1\Source.cpp(399,22): warning C4305: 'argument': truncation from 'double' to 'GLfloat'
E:\AIU\Project1\Project1\Source.cpp(399,17): warning C4305: 'argument': truncation from 'double' to 'GLfloat'
E:\AIU\Project1\Project1\Source.cpp(399,11): warning C4305: 'argument': truncation from 'double' to 'GLfloat'
E:\AIU\Project1\Project1\Source.cpp(406,22): warning C4305: 'argument': truncation from 'double' to 'GLfloat'
E:\AIU\Project1\Project1\Source.cpp(406,17): warning C4305: 'argument': truncation from 'double' to 'GLfloat'
E:\AIU\Project1\Project1\Source.cpp(406,12): warning C4305: 'argument': truncation from 'double' to 'GLfloat'
E:\AIU\Project1\Project1\Source.cpp(460,17): warning C4305: 'argument': truncation from 'double' to 'GLfloat'
E:\AIU\Project1\Project1\Source.cpp(461,17): warning C4305: 'argument': truncation from 'double' to 'GLfloat'
E:\AIU\Project1\Project1\Source.cpp(496,18): warning C4305: 'argument': truncation from 'double' to 'GLfloat'
E:\AIU\Project1\Project1\Source.cpp(497,17): warning C4305: 'argument': truncation from 'double' to 'GLfloat'
E:\AIU\Project1\Project1\Source.cpp(514,18): warning C4305: 'argument': truncation from 'double' to 'GLfloat'
E:\AIU\Project1\Project1\Source.cpp(515,17): warning C4305: 'argument': truncation from 'double' to 'GLfloat'
E:\AIU\Project1\Project1\Source.cpp(532,16): warning C4305: 'argument': truncation from 'double' to 'GLfloat'
E:\AIU\Project1\Project1\Source.cpp(533,15): warning C4305: 'argument': truncation from 'double' to 'GLfloat'
E:\AIU\Project1\Project1\Source.cpp(568,16): warning C4305: 'argument': truncation from 'double' to 'GLfloat'
E:\AIU\Project1\Project1\Source.cpp(569,15): warning C4305: 'argument': truncation from 'double' to 'GLfloat'
E:\AIU\Project1\Project1\Source.cpp(604,16): warning C4305: 'argument': truncation from 'double' to 'GLfloat'
E:\AIU\Project1\Project1\Source.cpp(605,15): warning C4305: 'argument': truncation from 'double' to 'GLfloat'
E:\AIU\Project1\Project1\Source.cpp(658,16): warning C4305: 'argument': truncation from 'double' to 'GLfloat'
E:\AIU\Project1\Project1\Source.cpp(659,15): warning C4305: 'argument': truncation from 'double' to 'GLfloat'
E:\AIU\Project1\Project1\Source.cpp(755,22): warning C4244: 'argument': conversion from 'double' to 'GLfloat', possible loss of data
E:\AIU\Project1\Project1\Source.cpp(772,17): warning C4305: 'initializing': truncation from 'double' to 'float'
E:\AIU\Project1\Project1\Source.cpp(772,22): warning C4305: 'initializing': truncation from 'double' to 'float'
E:\AIU\Project1\Project1\Source.cpp(772,27): warning C4305: 'initializing': truncation from 'double' to 'float'
E:\AIU\Project1\Project1\Source.cpp(776,17): warning C4305: 'initializing': truncation from 'double' to 'float'
E:\AIU\Project1\Project1\Source.cpp(776,22): warning C4305: 'initializing': truncation from 'double' to 'float'
E:\AIU\Project1\Project1\Source.cpp(776,27): warning C4305: 'initializing': truncation from 'double' to 'float'
E:\AIU\Project1\Project1\Source.cpp(828,19): warning C4305: 'argument': truncation from 'double' to 'GLfloat'
E:\AIU\Project1\Project1\Source.cpp(906,21): warning C4305: 'argument': truncation from 'double' to 'GLfloat'
E:\AIU\Project1\Project1\Source.cpp(907,11): warning C4305: 'argument': truncation from 'double' to 'GLfloat'
E:\AIU\Project1\Project1\Source.cpp(948,11): warning C4305: 'argument': truncation from 'double' to 'GLfloat'
E:\AIU\Project1\Project1\Source.cpp(954,11): warning C4305: 'argument': truncation from 'double' to 'GLfloat'
E:\AIU\Project1\Project1\Source.cpp(960,18): warning C4305: 'argument': truncation from 'double' to 'GLfloat'
E:\AIU\Project1\Project1\Source.cpp(966,17): warning C4305: 'argument': truncation from 'double' to 'GLfloat'
E:\AIU\Project1\Project1\Source.cpp(967,16): warning C4305: 'argument': truncation from 'double' to 'GLfloat'
E:\AIU\Project1\Project1\Source.cpp(996,16): warning C4305: 'argument': truncation from 'double' to 'GLfloat'
E:\AIU\Project1\Project1\Source.cpp(1003,15): warning C4305: 'argument': truncation from 'double' to 'GLfloat'
E:\AIU\Project1\Project1\Source.cpp(1010,26): warning C4305: 'argument': truncation from 'double' to 'GLfloat'
E:\AIU\Project1\Project1\Source.cpp(1010,15): warning C4305: 'argument': truncation from 'double' to 'GLfloat'
E:\AIU\Project1\Project1\Source.cpp(1011,16): warning C4305: 'argument': truncation from 'double' to 'GLfloat'
E:\AIU\Project1\Project1\Source.cpp(1011,11): warning C4305: 'argument': truncation from 'double' to 'GLfloat'
E:\AIU\Project1\Project1\Source.cpp(1017,17): warning C4305: 'argument': truncation from 'double' to 'GLfloat'
E:\AIU\Project1\Project1\Source.cpp(1018,16): warning C4305: 'argument': truncation from 'double' to 'GLfloat'
E:\AIU\Project1\Project1\Source.cpp(1024,15): warning C4305: 'argument': truncation from 'double' to 'GLfloat'
E:\AIU\Project1\Project1\Source.cpp(1025,11): warning C4305: 'argument': truncation from 'double' to 'GLfloat'
E:\AIU\Project1\Project1\Source.cpp(1038,19): warning C4305: 'argument': truncation from 'double' to 'GLfloat'
E:\AIU\Project1\Project1\Source.cpp(1039,21): warning C4305: 'argument': truncation from 'double' to 'GLfloat'
E:\AIU\Project1\Project1\Source.cpp(1039,16): warning C4305: 'argument': truncation from 'double' to 'GLfloat'
E:\AIU\Project1\Project1\Source.cpp(1042,24): warning C4305: 'argument': truncation from 'double' to 'GLfloat'
E:\AIU\Project1\Project1\Source.cpp(1048,26): warning C4305: 'argument': truncation from 'double' to 'GLfloat'
E:\AIU\Project1\Project1\Source.cpp(1048,21): warning C4305: 'argument': truncation from 'double' to 'GLfloat'
E:\AIU\Project1\Project1\Source.cpp(1049,22): warning C4305: 'argument': truncation from 'double' to 'GLfloat'
E:\AIU\Project1\Project1\Source.cpp(1049,17): warning C4305: 'argument': truncation from 'double' to 'GLfloat'
E:\AIU\Project1\Project1\Source.cpp(1068,19): warning C4305: 'argument': truncation from 'double' to 'GLfloat'
E:\AIU\Project1\Project1\Source.cpp(1069,21): warning C4305: 'argument': truncation from 'double' to 'GLfloat'
E:\AIU\Project1\Project1\Source.cpp(1069,16): warning C4305: 'argument': truncation from 'double' to 'GLfloat'
E:\AIU\Project1\Project1\Source.cpp(1072,22): warning C4305: 'argument': truncation from 'double' to 'GLfloat'
E:\AIU\Project1\Project1\Source.cpp(1078,24): warning C4305: 'argument': truncation from 'double' to 'GLfloat'
E:\AIU\Project1\Project1\Source.cpp(1078,19): warning C4305: 'argument': truncation from 'double' to 'GLfloat'
E:\AIU\Project1\Project1\Source.cpp(1079,22): warning C4305: 'argument': truncation from 'double' to 'GLfloat'
E:\AIU\Project1\Project1\Source.cpp(1079,17): warning C4305: 'argument': truncation from 'double' to 'GLfloat'
E:\AIU\Project1\Project1\Source.cpp(1085,15): warning C4305: 'argument': truncation from 'double' to 'GLfloat'
E:\AIU\Project1\Project1\Source.cpp(1092,23): warning C4305: 'argument': truncation from 'double' to 'GLfloat'
E:\AIU\Project1\Project1\Source.cpp(1093,14): warning C4305: 'argument': truncation from 'double' to 'GLfloat'
E:\AIU\Project1\Project1\Source.cpp(1094,26): warning C4305: 'argument': truncation from 'double' to 'GLfloat'
E:\AIU\Project1\Project1\Source.cpp(1094,19): warning C4305: 'argument': truncation from 'double' to 'GLfloat'
E:\AIU\Project1\Project1\Source.cpp(1094,12): warning C4305: 'argument': truncation from 'double' to 'GLfloat'
E:\AIU\Project1\Project1\Source.cpp(1098,33): warning C4305: 'argument': truncation from 'double' to 'GLfloat'
E:\AIU\Project1\Project1\Source.cpp(1098,15): warning C4305: 'argument': truncation from 'double' to 'GLfloat'
E:\AIU\Project1\Project1\Source.cpp(1099,11): warning C4305: 'argument': truncation from 'double' to 'GLfloat'
E:\AIU\Project1\Project1\Source.cpp(1100,26): warning C4305: 'argument': truncation from 'double' to 'GLfloat'
E:\AIU\Project1\Project1\Source.cpp(1100,19): warning C4305: 'argument': truncation from 'double' to 'GLfloat'
E:\AIU\Project1\Project1\Source.cpp(1100,12): warning C4305: 'argument': truncation from 'double' to 'GLfloat'
E:\AIU\Project1\Project1\Source.cpp(1105,22): warning C4305: 'argument': truncation from 'double' to 'GLfloat'
E:\AIU\Project1\Project1\Source.cpp(1105,17): warning C4305: 'argument': truncation from 'double' to 'GLfloat'
E:\AIU\Project1\Project1\Source.cpp(1105,12): warning C4305: 'argument': truncation from 'double' to 'GLfloat'
E:\AIU\Project1\Project1\Source.cpp(1106,27): warning C4305: 'argument': truncation from 'double' to 'GLfloat'
E:\AIU\Project1\Project1\Source.cpp(1107,14): warning C4305: 'argument': truncation from 'double' to 'GLfloat'
E:\AIU\Project1\Project1\Source.cpp(1111,22): warning C4305: 'argument': truncation from 'double' to 'GLfloat'
E:\AIU\Project1\Project1\Source.cpp(1111,17): warning C4305: 'argument': truncation from 'double' to 'GLfloat'
E:\AIU\Project1\Project1\Source.cpp(1111,12): warning C4305: 'argument': truncation from 'double' to 'GLfloat'
E:\AIU\Project1\Project1\Source.cpp(1112,27): warning C4305: 'argument': truncation from 'double' to 'GLfloat'
E:\AIU\Project1\Project1\Source.cpp(1113,14): warning C4305: 'argument': truncation from 'double' to 'GLfloat'
E:\AIU\Project1\Project1\Source.cpp(1121,28): warning C4305: 'argument': truncation from 'double' to 'GLfloat'
E:\AIU\Project1\Project1\Source.cpp(1121,16): warning C4305: 'argument': truncation from 'double' to 'GLfloat'
E:\AIU\Project1\Project1\Source.cpp(1127,28): warning C4305: 'argument': truncation from 'double' to 'GLfloat'
E:\AIU\Project1\Project1\Source.cpp(1127,16): warning C4305: 'argument': truncation from 'double' to 'GLfloat'
E:\AIU\Project1\Project1\Source.cpp(1133,28): warning C4305: 'argument': truncation from 'double' to 'GLfloat'
E:\AIU\Project1\Project1\Source.cpp(1133,16): warning C4305: 'argument': truncation from 'double' to 'GLfloat'
E:\AIU\Project1\Project1\Source.cpp(1140,29): warning C4305: 'argument': truncation from 'double' to 'GLfloat'
E:\AIU\Project1\Project1\Source.cpp(1140,16): warning C4305: 'argument': truncation from 'double' to 'GLfloat'
E:\AIU\Project1\Project1\Source.cpp(1146,29): warning C4305: 'argument': truncation from 'double' to 'GLfloat'
E:\AIU\Project1\Project1\Source.cpp(1146,16): warning C4305: 'argument': truncation from 'double' to 'GLfloat'
E:\AIU\Project1\Project1\Source.cpp(1152,29): warning C4305: 'argument': truncation from 'double' to 'GLfloat'
E:\AIU\Project1\Project1\Source.cpp(1152,16): warning C4305: 'argument': truncation from 'double' to 'GLfloat'
E:\AIU\Project1\Project1\Source.cpp(1161,23): warning C4305: 'argument': truncation from 'double' to 'GLfloat'
E:\AIU\Project1\Project1\Source.cpp(1162,15): warning C4305: 'argument': truncation from 'double' to 'GLfloat'
E:\AIU\Project1\Project1\Source.cpp(1167,26): warning C4305: 'argument': truncation from 'double' to 'GLfloat'
E:\AIU\Project1\Project1\Source.cpp(1175,26): warning C4305: 'argument': truncation from 'double' to 'GLfloat'
E:\AIU\Project1\Project1\Source.cpp(1175,19): warning C4305: 'argument': truncation from 'double' to 'GLfloat'
E:\AIU\Project1\Project1\Source.cpp(1175,12): warning C4305: 'argument': truncation from 'double' to 'GLfloat'
E:\AIU\Project1\Project1\Source.cpp(1176,20): warning C4305: 'argument': truncation from 'double' to 'GLfloat'
E:\AIU\Project1\Project1\Source.cpp(1177,14): warning C4305: 'argument': truncation from 'double' to 'GLfloat'
E:\AIU\Project1\Project1\Source.cpp(1181,43): warning C4305: 'argument': truncation from 'double' to 'GLfloat'
E:\AIU\Project1\Project1\Source.cpp(1181,30): warning C4305: 'argument': truncation from 'double' to 'GLfloat'
E:\AIU\Project1\Project1\Source.cpp(1181,22): warning C4305: 'argument': truncation from 'double' to 'GLfloat'
E:\AIU\Project1\Project1\Source.cpp(1182,21): warning C4305: 'argument': truncation from 'double' to 'GLfloat'
E:\AIU\Project1\Project1\Source.cpp(1182,11): warning C4305: 'argument': truncation from 'double' to 'GLfloat'
E:\AIU\Project1\Project1\Source.cpp(1186,43): warning C4305: 'argument': truncation from 'double' to 'GLfloat'
E:\AIU\Project1\Project1\Source.cpp(1186,30): warning C4305: 'argument': truncation from 'double' to 'GLfloat'
E:\AIU\Project1\Project1\Source.cpp(1186,22): warning C4305: 'argument': truncation from 'double' to 'GLfloat'
E:\AIU\Project1\Project1\Source.cpp(1187,21): warning C4305: 'argument': truncation from 'double' to 'GLfloat'
E:\AIU\Project1\Project1\Source.cpp(1187,11): warning C4305: 'argument': truncation from 'double' to 'GLfloat'
E:\AIU\Project1\Project1\Source.cpp(1191,43): warning C4305: 'argument': truncation from 'double' to 'GLfloat'
E:\AIU\Project1\Project1\Source.cpp(1191,30): warning C4305: 'argument': truncation from 'double' to 'GLfloat'
E:\AIU\Project1\Project1\Source.cpp(1191,22): warning C4305: 'argument': truncation from 'double' to 'GLfloat'
E:\AIU\Project1\Project1\Source.cpp(1192,21): warning C4305: 'argument': truncation from 'double' to 'GLfloat'
E:\AIU\Project1\Project1\Source.cpp(1192,11): warning C4305: 'argument': truncation from 'double' to 'GLfloat'
E:\AIU\Project1\Project1\Source.cpp(1196,43): warning C4305: 'argument': truncation from 'double' to 'GLfloat'
E:\AIU\Project1\Project1\Source.cpp(1196,30): warning C4305: 'argument': truncation from 'double' to 'GLfloat'
E:\AIU\Project1\Project1\Source.cpp(1196,22): warning C4305: 'argument': truncation from 'double' to 'GLfloat'
E:\AIU\Project1\Project1\Source.cpp(1197,21): warning C4305: 'argument': truncation from 'double' to 'GLfloat'
E:\AIU\Project1\Project1\Source.cpp(1197,11): warning C4305: 'argument': truncation from 'double' to 'GLfloat'
E:\AIU\Project1\Project1\Source.cpp(1203,21): warning C4305: 'argument': truncation from 'double' to 'GLfloat'
E:\AIU\Project1\Project1\Source.cpp(1204,21): warning C4305: 'argument': truncation from 'double' to 'GLfloat'
E:\AIU\Project1\Project1\Source.cpp(1204,16): warning C4305: 'argument': truncation from 'double' to 'GLfloat'
E:\AIU\Project1\Project1\Source.cpp(1204,11): warning C4305: 'argument': truncation from 'double' to 'GLfloat'
E:\AIU\Project1\Project1\Source.cpp(1208,27): warning C4305: 'argument': truncation from 'double' to 'GLfloat'
E:\AIU\Project1\Project1\Source.cpp(1209,21): warning C4305: 'argument': truncation from 'double' to 'GLfloat'
E:\AIU\Project1\Project1\Source.cpp(1209,16): warning C4305: 'argument': truncation from 'double' to 'GLfloat'
E:\AIU\Project1\Project1\Source.cpp(1209,11): warning C4305: 'argument': truncation from 'double' to 'GLfloat'
E:\AIU\Project1\Project1\Source.cpp(1213,27): warning C4305: 'argument': truncation from 'double' to 'GLfloat'
E:\AIU\Project1\Project1\Source.cpp(1214,21): warning C4305: 'argument': truncation from 'double' to 'GLfloat'
E:\AIU\Project1\Project1\Source.cpp(1214,16): warning C4305: 'argument': truncation from 'double' to 'GLfloat'
E:\AIU\Project1\Project1\Source.cpp(1214,11): warning C4305: 'argument': truncation from 'double' to 'GLfloat'
E:\AIU\Project1\Project1\Source.cpp(1219,25): warning C4305: 'argument': truncation from 'double' to 'GLfloat'
E:\AIU\Project1\Project1\Source.cpp(1220,21): warning C4305: 'argument': truncation from 'double' to 'GLfloat'
E:\AIU\Project1\Project1\Source.cpp(1220,16): warning C4305: 'argument': truncation from 'double' to 'GLfloat'
E:\AIU\Project1\Project1\Source.cpp(1220,11): warning C4305: 'argument': truncation from 'double' to 'GLfloat'
E:\AIU\Project1\Project1\Source.cpp(1225,25): warning C4305: 'argument': truncation from 'double' to 'GLfloat'
E:\AIU\Project1\Project1\Source.cpp(1226,21): warning C4305: 'argument': truncation from 'double' to 'GLfloat'
E:\AIU\Project1\Project1\Source.cpp(1226,16): warning C4305: 'argument': truncation from 'double' to 'GLfloat'
E:\AIU\Project1\Project1\Source.cpp(1226,11): warning C4305: 'argument': truncation from 'double' to 'GLfloat'
E:\AIU\Project1\Project1\Source.cpp(1231,19): warning C4305: 'argument': truncation from 'double' to 'GLfloat'
E:\AIU\Project1\Project1\Source.cpp(1232,21): warning C4305: 'argument': truncation from 'double' to 'GLfloat'
E:\AIU\Project1\Project1\Source.cpp(1232,16): warning C4305: 'argument': truncation from 'double' to 'GLfloat'
E:\AIU\Project1\Project1\Source.cpp(1232,11): warning C4305: 'argument': truncation from 'double' to 'GLfloat'
E:\AIU\Project1\Project1\Source.cpp(1237,27): warning C4305: 'argument': truncation from 'double' to 'GLfloat'
E:\AIU\Project1\Project1\Source.cpp(1238,21): warning C4305: 'argument': truncation from 'double' to 'GLfloat'
E:\AIU\Project1\Project1\Source.cpp(1238,16): warning C4305: 'argument': truncation from 'double' to 'GLfloat'
E:\AIU\Project1\Project1\Source.cpp(1238,11): warning C4305: 'argument': truncation from 'double' to 'GLfloat'
E:\AIU\Project1\Project1\Source.cpp(1243,27): warning C4305: 'argument': truncation from 'double' to 'GLfloat'
E:\AIU\Project1\Project1\Source.cpp(1244,21): warning C4305: 'argument': truncation from 'double' to 'GLfloat'
E:\AIU\Project1\Project1\Source.cpp(1244,16): warning C4305: 'argument': truncation from 'double' to 'GLfloat'
E:\AIU\Project1\Project1\Source.cpp(1244,11): warning C4305: 'argument': truncation from 'double' to 'GLfloat'
E:\AIU\Project1\Project1\Source.cpp(1249,15): warning C4305: 'argument': truncation from 'double' to 'GLfloat'
E:\AIU\Project1\Project1\Source.cpp(1252,17): warning C4244: '+=': conversion from 'double' to 'int', possible loss of data
E:\AIU\Project1\Project1\Source.cpp(1252,14): warning C4244: 'argument': conversion from 'int' to 'GLfloat', possible loss of data
E:\AIU\Project1\Project1\Source.cpp(1273,22): warning C4305: 'argument': truncation from 'double' to 'GLfloat'
E:\AIU\Project1\Project1\Source.cpp(1273,17): warning C4305: 'argument': truncation from 'double' to 'GLfloat'
E:\AIU\Project1\Project1\Source.cpp(1273,12): warning C4305: 'argument': truncation from 'double' to 'GLfloat'
E:\AIU\Project1\Project1\Source.cpp(1279,22): warning C4305: 'argument': truncation from 'double' to 'GLfloat'
E:\AIU\Project1\Project1\Source.cpp(1280,21): warning C4305: 'argument': truncation from 'double' to 'GLfloat'
E:\AIU\Project1\Project1\Source.cpp(1280,16): warning C4305: 'argument': truncation from 'double' to 'GLfloat'
E:\AIU\Project1\Project1\Source.cpp(1284,22): warning C4305: 'argument': truncation from 'double' to 'GLfloat'
E:\AIU\Project1\Project1\Source.cpp(1285,21): warning C4305: 'argument': truncation from 'double' to 'GLfloat'
E:\AIU\Project1\Project1\Source.cpp(1285,16): warning C4305: 'argument': truncation from 'double' to 'GLfloat'
E:\AIU\Project1\Project1\Source.cpp(1292,28): warning C4305: 'argument': truncation from 'double' to 'GLfloat'
E:\AIU\Project1\Project1\Source.cpp(1297,28): warning C4305: 'argument': truncation from 'double' to 'GLfloat'
E:\AIU\Project1\Project1\Source.cpp(1302,28): warning C4305: 'argument': truncation from 'double' to 'GLfloat'
E:\AIU\Project1\Project1\Source.cpp(1307,29): warning C4305: 'argument': truncation from 'double' to 'GLfloat'
E:\AIU\Project1\Project1\Source.cpp(1312,29): warning C4305: 'argument': truncation from 'double' to 'GLfloat'
E:\AIU\Project1\Project1\Source.cpp(1317,29): warning C4305: 'argument': truncation from 'double' to 'GLfloat'
E:\AIU\Project1\Project1\Source.cpp(1322,33): warning C4305: 'argument': truncation from 'double' to 'GLfloat'
E:\AIU\Project1\Project1\Source.cpp(1327,33): warning C4305: 'argument': truncation from 'double' to 'GLfloat'
E:\AIU\Project1\Project1\Source.cpp(1334,28): warning C4305: 'argument': truncation from 'double' to 'GLfloat'
E:\AIU\Project1\Project1\Source.cpp(1339,24): warning C4305: 'argument': truncation from 'double' to 'GLfloat'
E:\AIU\Project1\Project1\Source.cpp(1344,31): warning C4305: 'argument': truncation from 'double' to 'GLfloat'
E:\AIU\Project1\Project1\Source.cpp(1349,29): warning C4305: 'argument': truncation from 'double' to 'GLfloat'
E:\AIU\Project1\Project1\Source.cpp(1354,33): warning C4305: 'argument': truncation from 'double' to 'GLfloat'
E:\AIU\Project1\Project1\Source.cpp(1359,33): warning C4305: 'argument': truncation from 'double' to 'GLfloat'
E:\AIU\Project1\Project1\Source.cpp(1384,33): warning C4305: 'argument': truncation from 'double' to 'GLfloat'
E:\AIU\Project1\Project1\Source.cpp(1410,35): warning C4305: 'argument': truncation from 'double' to 'GLfloat'
E:\AIU\Project1\Project1\Source.cpp(1421,27): warning C4305: 'argument': truncation from 'double' to 'GLfloat'
E:\AIU\Project1\Project1\Source.cpp(1421,21): warning C4305: 'argument': truncation from 'double' to 'GLfloat'
E:\AIU\Project1\Project1\Source.cpp(1422,19): warning C4305: 'argument': truncation from 'double' to 'GLfloat'
E:\AIU\Project1\Project1\Source.cpp(1422,11): warning C4305: 'argument': truncation from 'double' to 'GLfloat'
E:\AIU\Project1\Project1\Source.cpp(1428,28): warning C4305: 'argument': truncation from 'double' to 'GLfloat'
E:\AIU\Project1\Project1\Source.cpp(1428,22): warning C4305: 'argument': truncation from 'double' to 'GLfloat'
E:\AIU\Project1\Project1\Source.cpp(1429,21): warning C4305: 'argument': truncation from 'double' to 'GLfloat'
E:\AIU\Project1\Project1\Source.cpp(1429,16): warning C4305: 'argument': truncation from 'double' to 'GLfloat'
E:\AIU\Project1\Project1\Source.cpp(1429,11): warning C4305: 'argument': truncation from 'double' to 'GLfloat'
E:\AIU\Project1\Project1\Source.cpp(1434,28): warning C4305: 'argument': truncation from 'double' to 'GLfloat'
E:\AIU\Project1\Project1\Source.cpp(1434,22): warning C4305: 'argument': truncation from 'double' to 'GLfloat'
E:\AIU\Project1\Project1\Source.cpp(1435,21): warning C4305: 'argument': truncation from 'double' to 'GLfloat'
E:\AIU\Project1\Project1\Source.cpp(1435,16): warning C4305: 'argument': truncation from 'double' to 'GLfloat'
E:\AIU\Project1\Project1\Source.cpp(1435,11): warning C4305: 'argument': truncation from 'double' to 'GLfloat'
E:\AIU\Project1\Project1\Source.cpp(1441,22): warning C4305: 'argument': truncation from 'double' to 'GLfloat'
E:\AIU\Project1\Project1\Source.cpp(1447,22): warning C4305: 'argument': truncation from 'double' to 'GLfloat'
E:\AIU\Project1\Project1\Source.cpp(1453,22): warning C4305: 'argument': truncation from 'double' to 'GLfloat'
E:\AIU\Project1\Project1\Source.cpp(1459,22): warning C4305: 'argument': truncation from 'double' to 'GLfloat'
E:\AIU\Project1\Project1\Source.cpp(1465,22): warning C4305: 'argument': truncation from 'double' to 'GLfloat'
E:\AIU\Project1\Project1\Source.cpp(1471,11): warning C4305: 'argument': truncation from 'double' to 'GLfloat'
E:\AIU\Project1\Project1\Source.cpp(1476,11): warning C4305: 'argument': truncation from 'double' to 'GLfloat'
E:\AIU\Project1\Project1\Source.cpp(1482,17): warning C4305: 'argument': truncation from 'double' to 'GLfloat'
E:\AIU\Project1\Project1\Source.cpp(1482,12): warning C4305: 'argument': truncation from 'double' to 'GLfloat'
E:\AIU\Project1\Project1\Source.cpp(1483,16): warning C4305: 'argument': truncation from 'double' to 'GLfloat'
E:\AIU\Project1\Project1\Source.cpp(1484,11): warning C4305: 'argument': truncation from 'double' to 'GLfloat'
E:\AIU\Project1\Project1\Source.cpp(1529,22): warning C4305: 'argument': truncation from 'double' to 'GLfloat'
E:\AIU\Project1\Project1\Source.cpp(1529,17): warning C4305: 'argument': truncation from 'double' to 'GLfloat'
E:\AIU\Project1\Project1\Source.cpp(1529,12): warning C4305: 'argument': truncation from 'double' to 'GLfloat'
E:\AIU\Project1\Project1\Source.cpp(1530,16): warning C4305: 'argument': truncation from 'double' to 'GLfloat'
E:\AIU\Project1\Project1\Source.cpp(1531,11): warning C4305: 'argument': truncation from 'double' to 'GLfloat'
E:\AIU\Project1\Project1\Source.cpp(1586,31): warning C4305: 'argument': truncation from 'double' to 'GLfloat'
E:\AIU\Project1\Project1\Source.cpp(1586,25): warning C4305: 'argument': truncation from 'double' to 'GLfloat'
E:\AIU\Project1\Project1\Source.cpp(1586,17): warning C4305: 'argument': truncation from 'double' to 'GLfloat'
E:\AIU\Project1\Project1\Source.cpp(1587,11): warning C4305: 'argument': truncation from 'double' to 'GLfloat'
E:\AIU\Project1\Project1\Source.cpp(1595,32): warning C4305: 'argument': truncation from 'double' to 'GLfloat'
E:\AIU\Project1\Project1\Source.cpp(1595,24): warning C4305: 'argument': truncation from 'double' to 'GLfloat'
E:\AIU\Project1\Project1\Source.cpp(1595,17): warning C4305: 'argument': truncation from 'double' to 'GLfloat'
E:\AIU\Project1\Project1\Source.cpp(1596,18): warning C4305: 'argument': truncation from 'double' to 'GLfloat'
E:\AIU\Project1\Project1\Source.cpp(1596,12): warning C4305: 'argument': truncation from 'double' to 'GLfloat'
E:\AIU\Project1\Project1\Source.cpp(1601,29): warning C4305: 'argument': truncation from 'double' to 'GLfloat'
E:\AIU\Project1\Project1\Source.cpp(1601,21): warning C4305: 'argument': truncation from 'double' to 'GLfloat'
E:\AIU\Project1\Project1\Source.cpp(1602,18): warning C4305: 'argument': truncation from 'double' to 'GLfloat'
E:\AIU\Project1\Project1\Source.cpp(1602,12): warning C4305: 'argument': truncation from 'double' to 'GLfloat'
E:\AIU\Project1\Project1\Source.cpp(1610,31): warning C4305: 'argument': truncation from 'double' to 'GLfloat'
E:\AIU\Project1\Project1\Source.cpp(1610,24): warning C4305: 'argument': truncation from 'double' to 'GLfloat'
E:\AIU\Project1\Project1\Source.cpp(1610,17): warning C4305: 'argument': truncation from 'double' to 'GLfloat'
E:\AIU\Project1\Project1\Source.cpp(1611,18): warning C4305: 'argument': truncation from 'double' to 'GLfloat'
E:\AIU\Project1\Project1\Source.cpp(1611,12): warning C4305: 'argument': truncation from 'double' to 'GLfloat'
E:\AIU\Project1\Project1\Source.cpp(1616,37): warning C4305: 'argument': truncation from 'double' to 'GLfloat'
E:\AIU\Project1\Project1\Source.cpp(1616,23): warning C4305: 'argument': truncation from 'double' to 'GLfloat'
E:\AIU\Project1\Project1\Source.cpp(1616,17): warning C4305: 'argument': truncation from 'double' to 'GLfloat'
E:\AIU\Project1\Project1\Source.cpp(1617,18): warning C4305: 'argument': truncation from 'double' to 'GLfloat'
E:\AIU\Project1\Project1\Source.cpp(1617,12): warning C4305: 'argument': truncation from 'double' to 'GLfloat'
E:\AIU\Project1\Project1\Source.cpp(1623,24): warning C4305: 'argument': truncation from 'double' to 'GLfloat'
E:\AIU\Project1\Project1\Source.cpp(1631,22): warning C4305: 'argument': truncation from 'double' to 'GLfloat'
E:\AIU\Project1\Project1\Source.cpp(1631,16): warning C4305: 'argument': truncation from 'double' to 'GLfloat'
E:\AIU\Project1\Project1\Source.cpp(1632,14): warning C4305: 'argument': truncation from 'double' to 'GLfloat'
E:\AIU\Project1\Project1\Source.cpp(1636,23): warning C4305: 'argument': truncation from 'double' to 'GLfloat'
E:\AIU\Project1\Project1\Source.cpp(1636,12): warning C4305: 'argument': truncation from 'double' to 'GLfloat'
E:\AIU\Project1\Project1\Source.cpp(1637,23): warning C4305: 'argument': truncation from 'double' to 'GLfloat'
E:\AIU\Project1\Project1\Source.cpp(1637,18): warning C4305: 'argument': truncation from 'double' to 'GLfloat'
E:\AIU\Project1\Project1\Source.cpp(1637,13): warning C4305: 'argument': truncation from 'double' to 'GLfloat'
E:\AIU\Project1\Project1\Source.cpp(1643,22): warning C4305: 'argument': truncation from 'double' to 'GLfloat'
E:\AIU\Project1\Project1\Source.cpp(1643,16): warning C4305: 'argument': truncation from 'double' to 'GLfloat'
E:\AIU\Project1\Project1\Source.cpp(1644,14): warning C4305: 'argument': truncation from 'double' to 'GLfloat'
E:\AIU\Project1\Project1\Source.cpp(1650,23): warning C4305: 'argument': truncation from 'double' to 'GLfloat'
E:\AIU\Project1\Project1\Source.cpp(1650,12): warning C4305: 'argument': truncation from 'double' to 'GLfloat'
E:\AIU\Project1\Project1\Source.cpp(1651,23): warning C4305: 'argument': truncation from 'double' to 'GLfloat'
E:\AIU\Project1\Project1\Source.cpp(1651,18): warning C4305: 'argument': truncation from 'double' to 'GLfloat'
E:\AIU\Project1\Project1\Source.cpp(1651,13): warning C4305: 'argument': truncation from 'double' to 'GLfloat'
E:\AIU\Project1\Project1\Source.cpp(1657,16): warning C4305: 'argument': truncation from 'double' to 'GLfloat'
E:\AIU\Project1\Project1\Source.cpp(1658,14): warning C4305: 'argument': truncation from 'double' to 'GLfloat'
E:\AIU\Project1\Project1\Source.cpp(1660,22): warning C4305: 'argument': truncation from 'double' to 'GLfloat'
E:\AIU\Project1\Project1\Source.cpp(1660,16): warning C4305: 'argument': truncation from 'double' to 'GLfloat'
E:\AIU\Project1\Project1\Source.cpp(1661,14): warning C4305: 'argument': truncation from 'double' to 'GLfloat'
E:\AIU\Project1\Project1\Source.cpp(1666,23): warning C4305: 'argument': truncation from 'double' to 'GLfloat'
E:\AIU\Project1\Project1\Source.cpp(1666,12): warning C4305: 'argument': truncation from 'double' to 'GLfloat'
E:\AIU\Project1\Project1\Source.cpp(1667,23): warning C4305: 'argument': truncation from 'double' to 'GLfloat'
E:\AIU\Project1\Project1\Source.cpp(1667,18): warning C4305: 'argument': truncation from 'double' to 'GLfloat'
E:\AIU\Project1\Project1\Source.cpp(1667,13): warning C4305: 'argument': truncation from 'double' to 'GLfloat'
E:\AIU\Project1\Project1\Source.cpp(1676,28): warning C4305: 'argument': truncation from 'double' to 'GLfloat'
E:\AIU\Project1\Project1\Source.cpp(1676,21): warning C4305: 'argument': truncation from 'double' to 'GLfloat'
E:\AIU\Project1\Project1\Source.cpp(1677,14): warning C4305: 'argument': truncation from 'double' to 'GLfloat'
E:\AIU\Project1\Project1\Source.cpp(1684,32): warning C4305: 'argument': truncation from 'double' to 'GLfloat'
E:\AIU\Project1\Project1\Source.cpp(1684,24): warning C4305: 'argument': truncation from 'double' to 'GLfloat'
E:\AIU\Project1\Project1\Source.cpp(1685,14): warning C4305: 'argument': truncation from 'double' to 'GLfloat'
E:\AIU\Project1\Project1\Source.cpp(1691,29): warning C4305: 'argument': truncation from 'double' to 'GLfloat'
E:\AIU\Project1\Project1\Source.cpp(1691,21): warning C4305: 'argument': truncation from 'double' to 'GLfloat'
E:\AIU\Project1\Project1\Source.cpp(1691,15): warning C4305: 'argument': truncation from 'double' to 'GLfloat'
E:\AIU\Project1\Project1\Source.cpp(1696,21): warning C4305: 'argument': truncation from 'double' to 'GLfloat'
E:\AIU\Project1\Project1\Source.cpp(1696,15): warning C4305: 'argument': truncation from 'double' to 'GLfloat'
E:\AIU\Project1\Project1\Source.cpp(1704,23): warning C4305: 'argument': truncation from 'double' to 'GLfloat'
E:\AIU\Project1\Project1\Source.cpp(1711,27): warning C4305: 'argument': truncation from 'double' to 'GLfloat'
E:\AIU\Project1\Project1\Source.cpp(1711,21): warning C4305: 'argument': truncation from 'double' to 'GLfloat'
E:\AIU\Project1\Project1\Source.cpp(1711,15): warning C4305: 'argument': truncation from 'double' to 'GLfloat'
E:\AIU\Project1\Project1\Source.cpp(1712,16): warning C4305: 'argument': truncation from 'double' to 'GLfloat'
E:\AIU\Project1\Project1\Source.cpp(1712,11): warning C4305: 'argument': truncation from 'double' to 'GLfloat'
  Project1.vcxproj -> E:\AIU\Project1\Project1\Debug\Project1.exe
